2025-02-25 00:02:04 [main] INFO : lancement de l'application
2025-02-25 00:02:10 [main] INFO : HHH000412: Hibernate ORM core version 6.5.2.Final
2025-02-25 00:02:10 [main] WARN : HHH90000021: Encountered deprecated setting [javax.persistence.jdbc.user], use [jakarta.persistence.jdbc.user] instead
2025-02-25 00:02:10 [main] WARN : HHH90000021: Encountered deprecated setting [javax.persistence.jdbc.password], use [jakarta.persistence.jdbc.password] instead
2025-02-25 00:02:10 [main] WARN : HHH90000021: Encountered deprecated setting [javax.persistence.jdbc.url], use [jakarta.persistence.jdbc.url] instead
2025-02-25 00:02:10 [main] WARN : HHH90000021: Encountered deprecated setting [javax.persistence.jdbc.driver], use [jakarta.persistence.jdbc.driver] instead
2025-02-25 00:02:10 [main] INFO : HHH000026: Second-level cache disabled
2025-02-25 00:02:10 [main] WARN : HHH10001002: Using built-in connection pool (not intended for production use)
2025-02-25 00:02:10 [main] INFO : HHH10001005: Loaded JDBC driver class: org.postgresql.Driver
2025-02-25 00:02:10 [main] INFO : HHH10001012: Connecting with JDBC URL [jdbc:postgresql://localhost/ProduiPanier]
2025-02-25 00:02:10 [main] INFO : HHH10001001: Connection properties: {password=Passer, user=postgres}
2025-02-25 00:02:10 [main] INFO : HHH10001003: Autocommit mode: false
2025-02-25 00:02:10 [main] INFO : HHH10001115: Connection pool size: 20 (min=1)
2025-02-25 00:02:11 [main] WARN : HHH90000025: PostgreSQLDialect does not need to be specified explicitly using 'hibernate.dialect' (remove the property setting and it will be selected by default)
2025-02-25 00:02:13 [main] INFO : HHH000489: No JTA platform available (set 'hibernate.transaction.jta.platform' to enable JTA platform integration)
2025-02-25 00:02:13 [main] INFO : HHH10001501: Connection obtained from JdbcConnectionAccess [org.hibernate.engine.jdbc.env.internal.JdbcEnvironmentInitiator$ConnectionProviderJdbcConnectionAccess@30b3d899] for (non-JTA) DDL execution was not in auto-commit mode; the Connection 'local transaction' will be committed and the Connection will be set into auto-commit mode.
2025-02-25 12:41:22 [main] INFO : lancement de l'application
2025-02-25 12:42:47 [main] INFO : lancement de l'application
2025-02-25 12:42:47 [main] INFO : Menu Menu
2025-02-25 12:42:47 [main] WARN : une erreur tres grave 
2025-02-25 12:42:58 [main] INFO : HHH000412: Hibernate ORM core version 6.5.2.Final
2025-02-25 12:42:58 [main] WARN : HHH90000021: Encountered deprecated setting [javax.persistence.jdbc.user], use [jakarta.persistence.jdbc.user] instead
2025-02-25 12:42:58 [main] WARN : HHH90000021: Encountered deprecated setting [javax.persistence.jdbc.password], use [jakarta.persistence.jdbc.password] instead
2025-02-25 12:42:58 [main] WARN : HHH90000021: Encountered deprecated setting [javax.persistence.jdbc.url], use [jakarta.persistence.jdbc.url] instead
2025-02-25 12:42:58 [main] WARN : HHH90000021: Encountered deprecated setting [javax.persistence.jdbc.driver], use [jakarta.persistence.jdbc.driver] instead
2025-02-25 12:42:58 [main] INFO : HHH000026: Second-level cache disabled
2025-02-25 12:42:58 [main] WARN : HHH10001002: Using built-in connection pool (not intended for production use)
2025-02-25 12:42:58 [main] INFO : HHH10001005: Loaded JDBC driver class: org.postgresql.Driver
2025-02-25 12:42:58 [main] INFO : HHH10001012: Connecting with JDBC URL [jdbc:postgresql://localhost/ProduiPanier]
2025-02-25 12:42:58 [main] INFO : HHH10001001: Connection properties: {password=Passer, user=postgres}
2025-02-25 12:42:58 [main] INFO : HHH10001003: Autocommit mode: false
2025-02-25 12:42:58 [main] INFO : HHH10001115: Connection pool size: 20 (min=1)
2025-02-25 12:42:59 [main] WARN : HHH90000025: PostgreSQLDialect does not need to be specified explicitly using 'hibernate.dialect' (remove the property setting and it will be selected by default)
2025-02-25 12:43:02 [main] INFO : HHH000489: No JTA platform available (set 'hibernate.transaction.jta.platform' to enable JTA platform integration)
2025-02-25 12:43:02 [main] INFO : HHH10001501: Connection obtained from JdbcConnectionAccess [org.hibernate.engine.jdbc.env.internal.JdbcEnvironmentInitiator$ConnectionProviderJdbcConnectionAccess@8f2e3e6] for (non-JTA) DDL execution was not in auto-commit mode; the Connection 'local transaction' will be committed and the Connection will be set into auto-commit mode.
2025-02-25 12:43:02 [main] INFO : choix de l'option 1
2025-02-25 12:46:57 [main] INFO : lancement de l'application
2025-02-25 12:46:57 [main] INFO : Menu Menu
2025-02-25 12:46:57 [main] WARN : une erreur tres grave 
2025-02-25 12:48:34 [main] INFO : lancement de l'application
2025-02-25 12:48:34 [main] INFO : Menu Menu
2025-02-25 12:48:34 [main] WARN : une erreur tres grave 
2025-02-25 12:50:11 [main] INFO : lancement de l'application
2025-02-25 12:50:11 [main] INFO : Menu Menu
2025-02-25 12:50:11 [main] WARN : une erreur tres grave 
2025-02-25 12:50:18 [main] INFO : HHH000412: Hibernate ORM core version 6.5.2.Final
2025-02-25 12:50:18 [main] WARN : HHH90000021: Encountered deprecated setting [javax.persistence.jdbc.user], use [jakarta.persistence.jdbc.user] instead
2025-02-25 12:50:18 [main] WARN : HHH90000021: Encountered deprecated setting [javax.persistence.jdbc.password], use [jakarta.persistence.jdbc.password] instead
2025-02-25 12:50:18 [main] WARN : HHH90000021: Encountered deprecated setting [javax.persistence.jdbc.url], use [jakarta.persistence.jdbc.url] instead
2025-02-25 12:50:18 [main] WARN : HHH90000021: Encountered deprecated setting [javax.persistence.jdbc.driver], use [jakarta.persistence.jdbc.driver] instead
2025-02-25 12:50:18 [main] INFO : HHH000026: Second-level cache disabled
2025-02-25 12:50:19 [main] WARN : HHH10001002: Using built-in connection pool (not intended for production use)
2025-02-25 12:50:19 [main] INFO : HHH10001005: Loaded JDBC driver class: org.postgresql.Driver
2025-02-25 12:50:19 [main] INFO : HHH10001012: Connecting with JDBC URL [jdbc:postgresql://localhost/ProduiPanier]
2025-02-25 12:50:19 [main] INFO : HHH10001001: Connection properties: {password=Passer, user=postgres}
2025-02-25 12:50:19 [main] INFO : HHH10001003: Autocommit mode: false
2025-02-25 12:50:19 [main] INFO : HHH10001115: Connection pool size: 20 (min=1)
2025-02-25 12:50:19 [main] WARN : HHH90000025: PostgreSQLDialect does not need to be specified explicitly using 'hibernate.dialect' (remove the property setting and it will be selected by default)
2025-02-25 12:50:22 [main] INFO : HHH000489: No JTA platform available (set 'hibernate.transaction.jta.platform' to enable JTA platform integration)
2025-02-25 12:50:22 [main] INFO : HHH10001501: Connection obtained from JdbcConnectionAccess [org.hibernate.engine.jdbc.env.internal.JdbcEnvironmentInitiator$ConnectionProviderJdbcConnectionAccess@3c33fcf8] for (non-JTA) DDL execution was not in auto-commit mode; the Connection 'local transaction' will be committed and the Connection will be set into auto-commit mode.
2025-02-25 13:22:41 [main] INFO : lancement de l'application
2025-02-25 13:22:55 [main] INFO : HHH000412: Hibernate ORM core version 6.5.2.Final
2025-02-25 13:22:55 [main] WARN : HHH90000021: Encountered deprecated setting [javax.persistence.jdbc.user], use [jakarta.persistence.jdbc.user] instead
2025-02-25 13:22:55 [main] WARN : HHH90000021: Encountered deprecated setting [javax.persistence.jdbc.password], use [jakarta.persistence.jdbc.password] instead
2025-02-25 13:22:55 [main] WARN : HHH90000021: Encountered deprecated setting [javax.persistence.jdbc.url], use [jakarta.persistence.jdbc.url] instead
2025-02-25 13:22:55 [main] WARN : HHH90000021: Encountered deprecated setting [javax.persistence.jdbc.driver], use [jakarta.persistence.jdbc.driver] instead
2025-02-25 13:22:55 [main] INFO : HHH000026: Second-level cache disabled
2025-02-25 13:22:56 [main] WARN : HHH10001002: Using built-in connection pool (not intended for production use)
2025-02-25 13:22:56 [main] INFO : HHH10001005: Loaded JDBC driver class: org.postgresql.Driver
2025-02-25 13:22:56 [main] INFO : HHH10001012: Connecting with JDBC URL [jdbc:postgresql://localhost/ProduiPanier]
2025-02-25 13:22:56 [main] INFO : HHH10001001: Connection properties: {password=Passer, user=postgres}
2025-02-25 13:22:56 [main] INFO : HHH10001003: Autocommit mode: false
2025-02-25 13:22:56 [main] INFO : HHH10001115: Connection pool size: 20 (min=1)
2025-02-25 13:22:56 [main] WARN : HHH90000025: PostgreSQLDialect does not need to be specified explicitly using 'hibernate.dialect' (remove the property setting and it will be selected by default)
2025-02-25 13:22:59 [main] INFO : HHH000489: No JTA platform available (set 'hibernate.transaction.jta.platform' to enable JTA platform integration)
2025-02-25 13:22:59 [main] INFO : HHH10001501: Connection obtained from JdbcConnectionAccess [org.hibernate.engine.jdbc.env.internal.JdbcEnvironmentInitiator$ConnectionProviderJdbcConnectionAccess@105db94d] for (non-JTA) DDL execution was not in auto-commit mode; the Connection 'local transaction' will be committed and the Connection will be set into auto-commit mode.
2025-02-25 13:22:59 [main] INFO : choix de l'option 1
2025-02-25 13:23:18 [main] ERROR: erreur lors du lancement null
2025-02-25 13:33:35 [main] INFO : lancement de l'application
2025-02-25 13:35:04 [main] INFO : lancement de l'application
2025-02-25 13:35:13 [main] INFO : HHH000412: Hibernate ORM core version 6.5.2.Final
2025-02-25 13:35:13 [main] WARN : HHH90000021: Encountered deprecated setting [javax.persistence.jdbc.user], use [jakarta.persistence.jdbc.user] instead
2025-02-25 13:35:13 [main] WARN : HHH90000021: Encountered deprecated setting [javax.persistence.jdbc.password], use [jakarta.persistence.jdbc.password] instead
2025-02-25 13:35:13 [main] WARN : HHH90000021: Encountered deprecated setting [javax.persistence.jdbc.url], use [jakarta.persistence.jdbc.url] instead
2025-02-25 13:35:13 [main] WARN : HHH90000021: Encountered deprecated setting [javax.persistence.jdbc.driver], use [jakarta.persistence.jdbc.driver] instead
2025-02-25 13:35:14 [main] INFO : HHH000026: Second-level cache disabled
2025-02-25 13:35:14 [main] WARN : HHH10001002: Using built-in connection pool (not intended for production use)
2025-02-25 13:35:14 [main] INFO : HHH10001005: Loaded JDBC driver class: org.postgresql.Driver
2025-02-25 13:35:14 [main] INFO : HHH10001012: Connecting with JDBC URL [jdbc:postgresql://localhost/ProduiPanier]
2025-02-25 13:35:14 [main] INFO : HHH10001001: Connection properties: {password=Passer, user=postgres}
2025-02-25 13:35:14 [main] INFO : HHH10001003: Autocommit mode: false
2025-02-25 13:35:14 [main] INFO : HHH10001115: Connection pool size: 20 (min=1)
2025-02-25 13:35:14 [main] WARN : HHH90000025: PostgreSQLDialect does not need to be specified explicitly using 'hibernate.dialect' (remove the property setting and it will be selected by default)
2025-02-25 13:35:17 [main] INFO : HHH000489: No JTA platform available (set 'hibernate.transaction.jta.platform' to enable JTA platform integration)
2025-02-25 13:35:17 [main] INFO : HHH10001501: Connection obtained from JdbcConnectionAccess [org.hibernate.engine.jdbc.env.internal.JdbcEnvironmentInitiator$ConnectionProviderJdbcConnectionAccess@48567727] for (non-JTA) DDL execution was not in auto-commit mode; the Connection 'local transaction' will be committed and the Connection will be set into auto-commit mode.
2025-02-25 13:35:17 [main] INFO : choix de l'option 1
2025-02-25 13:35:41 [main] ERROR: une valeur non numerique a été saisie comme prix lors de la creation d'un produit null
2025-02-25 13:35:41 [main] INFO : le produit 1A a bien ete creer 
2025-02-25 13:51:17 [main] INFO : lancement de l'application
2025-02-25 13:51:35 [main] INFO : HHH000412: Hibernate ORM core version 6.5.2.Final
2025-02-25 13:51:35 [main] WARN : HHH90000021: Encountered deprecated setting [javax.persistence.jdbc.user], use [jakarta.persistence.jdbc.user] instead
2025-02-25 13:51:35 [main] WARN : HHH90000021: Encountered deprecated setting [javax.persistence.jdbc.password], use [jakarta.persistence.jdbc.password] instead
2025-02-25 13:51:35 [main] WARN : HHH90000021: Encountered deprecated setting [javax.persistence.jdbc.url], use [jakarta.persistence.jdbc.url] instead
2025-02-25 13:51:35 [main] WARN : HHH90000021: Encountered deprecated setting [javax.persistence.jdbc.driver], use [jakarta.persistence.jdbc.driver] instead
2025-02-25 13:51:35 [main] INFO : HHH000026: Second-level cache disabled
2025-02-25 13:51:36 [main] WARN : HHH10001002: Using built-in connection pool (not intended for production use)
2025-02-25 13:51:36 [main] INFO : HHH10001005: Loaded JDBC driver class: org.postgresql.Driver
2025-02-25 13:51:36 [main] INFO : HHH10001012: Connecting with JDBC URL [jdbc:postgresql://localhost/ProduiPanier]
2025-02-25 13:51:36 [main] INFO : HHH10001001: Connection properties: {password=Passer, user=postgres}
2025-02-25 13:51:36 [main] INFO : HHH10001003: Autocommit mode: false
2025-02-25 13:51:36 [main] INFO : HHH10001115: Connection pool size: 20 (min=1)
2025-02-25 13:51:36 [main] WARN : HHH90000025: PostgreSQLDialect does not need to be specified explicitly using 'hibernate.dialect' (remove the property setting and it will be selected by default)
2025-02-25 13:51:39 [main] INFO : HHH000489: No JTA platform available (set 'hibernate.transaction.jta.platform' to enable JTA platform integration)
2025-02-25 13:51:39 [main] INFO : HHH10001501: Connection obtained from JdbcConnectionAccess [org.hibernate.engine.jdbc.env.internal.JdbcEnvironmentInitiator$ConnectionProviderJdbcConnectionAccess@105db94d] for (non-JTA) DDL execution was not in auto-commit mode; the Connection 'local transaction' will be committed and the Connection will be set into auto-commit mode.
2025-02-25 13:51:39 [main] INFO : choix de l'option 1
2025-02-25 13:51:47 [main] ERROR: une valeur non numerique a été saisie comme prix lors de la creation d'un produit null
